<?xml version="1.0" encoding="UTF-8"?>
<testng-results skipped="0" failed="0" total="1" passed="1">
  <reporter-output>
  </reporter-output>
  <suite name="Default suite" duration-ms="28022" started-at="2019-06-19T07:31:14Z" finished-at="2019-06-19T07:31:42Z">
    <groups>
    </groups>
    <test name="Default test" duration-ms="28022" started-at="2019-06-19T07:31:14Z" finished-at="2019-06-19T07:31:42Z">
      <class name="com.training.sanity.tests.LoginTest_ELTC35">
        <test-method status="PASS" signature="setUpBeforeClass()[pri:0, instance:com.training.sanity.tests.LoginTest_ELTC35@3f0ee7cb]" name="setUpBeforeClass" is-config="true" duration-ms="7" started-at="2019-06-19T13:01:14Z" finished-at="2019-06-19T13:01:14Z">
          <reporter-output>
          </reporter-output>
        </test-method> <!-- setUpBeforeClass -->
        <test-method status="PASS" signature="setUp()[pri:0, instance:com.training.sanity.tests.LoginTest_ELTC35@3f0ee7cb]" name="setUp" is-config="true" duration-ms="11676" started-at="2019-06-19T13:01:14Z" finished-at="2019-06-19T13:01:25Z">
          <reporter-output>
          </reporter-output>
        </test-method> <!-- setUp -->
        <test-method status="PASS" signature="validLoginTest()[pri:0, instance:com.training.sanity.tests.LoginTest_ELTC35@3f0ee7cb]" name="validLoginTest" duration-ms="14469" started-at="2019-06-19T13:01:25Z" finished-at="2019-06-19T13:01:40Z">
          <reporter-output>
          </reporter-output>
        </test-method> <!-- validLoginTest -->
        <test-method status="PASS" signature="tearDown()[pri:0, instance:com.training.sanity.tests.LoginTest_ELTC35@3f0ee7cb]" name="tearDown" is-config="true" duration-ms="1848" started-at="2019-06-19T13:01:40Z" finished-at="2019-06-19T13:01:42Z">
          <reporter-output>
          </reporter-output>
        </test-method> <!-- tearDown -->
      </class> <!-- com.training.sanity.tests.LoginTest_ELTC35 -->
    </test> <!-- Default test -->
  </suite> <!-- Default suite -->
</testng-results>
