<?xml version="1.0" encoding="UTF-8"?>
<testng-results skipped="0" failed="0" total="1" passed="1">
  <reporter-output>
  </reporter-output>
  <suite name="Default suite" duration-ms="35050" started-at="2019-06-22T11:58:42Z" finished-at="2019-06-22T11:59:17Z">
    <groups>
    </groups>
    <test name="Default test" duration-ms="35050" started-at="2019-06-22T11:58:42Z" finished-at="2019-06-22T11:59:17Z">
      <class name="com.training.sanity.tests.ELTC_045">
        <test-method status="PASS" signature="setUpBeforeClass()[pri:0, instance:com.training.sanity.tests.ELTC_045@6bdf28bb]" name="setUpBeforeClass" is-config="true" duration-ms="9" started-at="2019-06-22T17:28:42Z" finished-at="2019-06-22T17:28:42Z">
          <reporter-output>
          </reporter-output>
        </test-method> <!-- setUpBeforeClass -->
        <test-method status="PASS" signature="setUp()[pri:0, instance:com.training.sanity.tests.ELTC_045@6bdf28bb]" name="setUp" is-config="true" duration-ms="11085" started-at="2019-06-22T17:28:42Z" finished-at="2019-06-22T17:28:53Z">
          <reporter-output>
          </reporter-output>
        </test-method> <!-- setUp -->
        <test-method status="PASS" signature="validLoginTest()[pri:0, instance:com.training.sanity.tests.ELTC_045@6bdf28bb]" name="validLoginTest" duration-ms="18799" started-at="2019-06-22T17:28:53Z" finished-at="2019-06-22T17:29:12Z">
          <reporter-output>
          </reporter-output>
        </test-method> <!-- validLoginTest -->
        <test-method status="PASS" signature="tearDown()[pri:0, instance:com.training.sanity.tests.ELTC_045@6bdf28bb]" name="tearDown" is-config="true" duration-ms="1881" started-at="2019-06-22T17:29:12Z" finished-at="2019-06-22T17:29:14Z">
          <reporter-output>
          </reporter-output>
        </test-method> <!-- tearDown -->
        <test-method status="PASS" signature="Afterclass()[pri:0, instance:com.training.sanity.tests.ELTC_045@6bdf28bb]" name="Afterclass" is-config="true" duration-ms="3264" started-at="2019-06-22T17:29:14Z" finished-at="2019-06-22T17:29:17Z">
          <reporter-output>
          </reporter-output>
        </test-method> <!-- Afterclass -->
      </class> <!-- com.training.sanity.tests.ELTC_045 -->
    </test> <!-- Default test -->
  </suite> <!-- Default suite -->
</testng-results>
